#-----------------------------------------------------------
# Vivado v2019.1 (64-bit)
# SW Build 2552052 on Fri May 24 14:49:42 MDT 2019
# IP Build 2548770 on Fri May 24 18:01:18 MDT 2019
# Start of session at: Thu Dec 18 21:07:30 2025
# Process ID: 21168
# Current directory: D:/Vivado_project/cpu_tengf
# Command line: vivado.exe -gui_launcher_event rodinguilauncherevent5048 D:\Vivado_project\cpu_tengf\cpu_tengf.xpr
# Log file: D:/Vivado_project/cpu_tengf/vivado.log
# Journal file: D:/Vivado_project/cpu_tengf\vivado.jou
#-----------------------------------------------------------
start_gui
open_project D:/Vivado_project/cpu_tengf/cpu_tengf.xpr
Scanning sources...
Finished scanning sources
WARNING: [Project 1-509] GeneratedRun file for 'synth_1' not found
INFO: [IP_Flow 19-234] Refreshing IP repositories
INFO: [IP_Flow 19-1704] No user IP repositories specified
INFO: [IP_Flow 19-2313] Loaded Vivado IP repository 'D:/Xilinx/Vivado/2019.1/data/ip'.
open_project: Time (s): cpu = 00:00:11 ; elapsed = 00:00:05 . Memory (MB): peak = 883.281 ; gain = 219.895
update_compile_order -fileset sources_1
import_files
INFO: [filemgmt 20-334] All file(s) are already imported in fileset: 'constrs_1'
INFO: [filemgmt 20-348] Importing the appropriate files for fileset: 'constrs_1'
INFO: [filemgmt 20-348] Importing the appropriate files for fileset: 'sources_1'
D:/Vivado_project/cpu_tengf/cpu_tengf.srcs/sources_1/imports/src/core/rv32i_defs.vh D:/Vivado_project/cpu_tengf/cpu_tengf.srcs/sources_1/imports/src/core/rv32i_alu.v D:/Vivado_project/cpu_tengf/cpu_tengf.srcs/sources_1/imports/src/core/rv32i_alu_control.v D:/Vivado_project/cpu_tengf/cpu_tengf.srcs/sources_1/imports/src/core/rv32i_alu_opb_mux.v D:/Vivado_project/cpu_tengf/cpu_tengf.srcs/sources_1/imports/src/core/rv32i_branch_unit.v D:/Vivado_project/cpu_tengf/cpu_tengf.srcs/sources_1/imports/src/core/rv32i_control.v D:/Vivado_project/cpu_tengf/cpu_tengf.srcs/sources_1/imports/src/core/rv32i_data_mem.v D:/Vivado_project/cpu_tengf/cpu_tengf.srcs/sources_1/imports/src/core/rv32i_imm_gen.v D:/Vivado_project/cpu_tengf/cpu_tengf.srcs/sources_1/imports/src/core/rv32i_instr_decoder.v D:/Vivado_project/cpu_tengf/cpu_tengf.srcs/sources_1/imports/src/core/rv32i_instr_mem.v D:/Vivado_project/cpu_tengf/cpu_tengf.srcs/sources_1/imports/src/core/rv32i_pc_reg.v D:/Vivado_project/cpu_tengf/cpu_tengf.srcs/sources_1/imports/src/core/rv32i_rd_data_mux.v D:/Vivado_project/cpu_tengf/cpu_tengf.srcs/sources_1/imports/src/core/rv32i_reg_file.v D:/Vivado_project/cpu_tengf/cpu_tengf.srcs/sources_1/imports/src/core/rv32i_cpu.v D:/Vivado_project/cpu_tengf/cpu_tengf.srcs/sources_1/imports/src/core/rv32i_clock_divider.v D:/Vivado_project/cpu_tengf/cpu_tengf.srcs/sources_1/imports/src/cpu_basys3/inst_mem_init.mem
launch_runs synth_1 -jobs 8
[Thu Dec 18 21:18:35 2025] Launched synth_1...
Run output will be captured here: D:/Vivado_project/cpu_tengf/cpu_tengf.runs/synth_1/runme.log
reset_run synth_1
launch_runs synth_1 -jobs 8
[Thu Dec 18 21:26:23 2025] Launched synth_1...
Run output will be captured here: D:/Vivado_project/cpu_tengf/cpu_tengf.runs/synth_1/runme.log
reset_run synth_1
exit
INFO: [Common 17-206] Exiting Vivado at Thu Dec 18 21:32:48 2025...
